2025/07/23 23:49:02 - mmengine - INFO - 
------------------------------------------------------------
System environment:
    sys.platform: linux
    Python: 3.11.13 (main, Jun  4 2025, 08:57:29) [GCC 11.4.0]
    CUDA available: True
    MUSA available: False
    numpy_random_seed: 370471932
    GPU 0: NVIDIA A100-SXM4-40GB
    CUDA_HOME: /usr/local/cuda
    NVCC: Cuda compilation tools, release 12.5, V12.5.82
    GCC: x86_64-linux-gnu-gcc (Ubuntu 11.4.0-1ubuntu1~22.04) 11.4.0
    PyTorch: 2.6.0+cu124
    PyTorch compiling details: PyTorch built with:
  - GCC 9.3
  - C++ Version: 201703
  - Intel(R) oneAPI Math Kernel Library Version 2024.2-Product Build 20240605 for Intel(R) 64 architecture applications
  - Intel(R) MKL-DNN v3.5.3 (Git Hash 66f0cb9eb66affd2da3bf5f8d897376f04aae6af)
  - OpenMP 201511 (a.k.a. OpenMP 4.5)
  - LAPACK is enabled (usually provided by MKL)
  - NNPACK is enabled
  - CPU capability usage: AVX512
  - CUDA Runtime 12.5
  - Built with CUDA Runtime 12.4
  - NVCC architecture flags: -gencode;arch=compute_50,code=sm_50;-gencode;arch=compute_60,code=sm_60;-gencode;arch=compute_70,code=sm_70;-gencode;arch=compute_75,code=sm_75;-gencode;arch=compute_80,code=sm_80;-gencode;arch=compute_86,code=sm_86;-gencode;arch=compute_90,code=sm_90
  - CuDNN 90.3  (built against CUDA 12.6)
    - Built with CuDNN 90.1
  - Magma 2.6.1
  - Build settings: BLAS_INFO=mkl, BUILD_TYPE=Release, COMMIT_SHA=2236df1770800ffea5697b11b0bb0d910b2e59e1, CUDA_VERSION=12.4, CUDNN_VERSION=9.1.0, CXX_COMPILER=/opt/rh/devtoolset-9/root/usr/bin/c++, CXX_FLAGS= -D_GLIBCXX_USE_CXX11_ABI=0 -fabi-version=11 -fvisibility-inlines-hidden -DUSE_PTHREADPOOL -DNDEBUG -DUSE_KINETO -DLIBKINETO_NOROCTRACER -DLIBKINETO_NOXPUPTI=ON -DUSE_FBGEMM -DUSE_PYTORCH_QNNPACK -DUSE_XNNPACK -DSYMBOLICATE_MOBILE_DEBUG_HANDLE -O2 -fPIC -Wall -Wextra -Werror=return-type -Werror=non-virtual-dtor -Werror=bool-operation -Wnarrowing -Wno-missing-field-initializers -Wno-type-limits -Wno-array-bounds -Wno-unknown-pragmas -Wno-unused-parameter -Wno-strict-overflow -Wno-strict-aliasing -Wno-stringop-overflow -Wsuggest-override -Wno-psabi -Wno-error=old-style-cast -Wno-missing-braces -fdiagnostics-color=always -faligned-new -Wno-unused-but-set-variable -Wno-maybe-uninitialized -fno-math-errno -fno-trapping-math -Werror=format -Wno-stringop-overflow, LAPACK_INFO=mkl, PERF_WITH_AVX=1, PERF_WITH_AVX2=1, TORCH_VERSION=2.6.0, USE_CUDA=ON, USE_CUDNN=ON, USE_CUSPARSELT=1, USE_EXCEPTION_PTR=1, USE_GFLAGS=OFF, USE_GLOG=OFF, USE_GLOO=ON, USE_MKL=ON, USE_MKLDNN=ON, USE_MPI=OFF, USE_NCCL=1, USE_NNPACK=ON, USE_OPENMP=ON, USE_ROCM=OFF, USE_ROCM_KERNEL_ASSERT=OFF, 

    TorchVision: 0.21.0+cu124
    OpenCV: 4.12.0
    MMEngine: 0.10.7

Runtime environment:
    cudnn_benchmark: False
    dist_cfg: {'backend': 'nccl'}
    mp_cfg: {'mp_start_method': 'fork', 'opencv_num_threads': 0}
    seed: 370471932
    Distributed launcher: none
    Distributed training: False
    GPU number: 1
------------------------------------------------------------

2025/07/23 23:49:02 - mmengine - INFO - Config:
auto_scale_lr = dict(base_batch_size=16, enable=False)
backend_args = None
data_root = './drive/MyDrive/damage_detection/CarDD_release/CarDD_COCO'
dataset_type = 'CocoDataset'
default_hooks = dict(
    checkpoint=dict(interval=1, type='CheckpointHook'),
    logger=dict(interval=24, type='LoggerHook'),
    param_scheduler=dict(type='ParamSchedulerHook'),
    sampler_seed=dict(type='DistSamplerSeedHook'),
    timer=dict(type='IterTimerHook'),
    visualization=dict(type='DetVisualizationHook'))
default_scope = 'mmdet'
env_cfg = dict(
    cudnn_benchmark=False,
    dist_cfg=dict(backend='nccl'),
    mp_cfg=dict(mp_start_method='fork', opencv_num_threads=0))
launcher = 'none'
load_from = 'drive/MyDrive/damage_detection/v2_albumentations_cascade-mask-rcnn_x101_output/epoch_24_weights_only.pth'
log_level = 'INFO'
log_processor = dict(by_epoch=True, type='LogProcessor', window_size=50)
metainfo = dict(
    classes=(
        'dent',
        'scratch',
        'crack',
        'glass shatter',
        'lamp broken',
        'tire flat',
    ),
    palette=[
        (
            220,
            20,
            60,
        ),
        (
            119,
            11,
            32,
        ),
        (
            0,
            0,
            142,
        ),
        (
            0,
            0,
            230,
        ),
        (
            106,
            0,
            228,
        ),
        (
            0,
            60,
            100,
        ),
    ])
model = dict(
    backbone=dict(
        base_width=4,
        dcn=dict(deform_groups=1, fallback_on_stride=False, type='DCN'),
        depth=101,
        frozen_stages=1,
        groups=32,
        init_cfg=dict(
            checkpoint='open-mmlab://resnext101_32x4d', type='Pretrained'),
        norm_cfg=dict(requires_grad=True, type='BN'),
        norm_eval=True,
        num_stages=4,
        out_indices=(
            0,
            1,
            2,
            3,
        ),
        stage_with_dcn=(
            True,
            True,
            True,
            True,
        ),
        style='pytorch',
        type='ResNeXt'),
    data_preprocessor=dict(
        bgr_to_rgb=True,
        mean=[
            123.675,
            116.28,
            103.53,
        ],
        pad_mask=True,
        pad_size_divisor=32,
        std=[
            58.395,
            57.12,
            57.375,
        ],
        type='DetDataPreprocessor'),
    neck=dict(
        in_channels=[
            256,
            512,
            1024,
            2048,
        ],
        num_outs=5,
        out_channels=256,
        type='FPN'),
    roi_head=dict(
        bbox_head=[
            dict(
                bbox_coder=dict(
                    target_means=[
                        0.0,
                        0.0,
                        0.0,
                        0.0,
                    ],
                    target_stds=[
                        0.1,
                        0.1,
                        0.2,
                        0.2,
                    ],
                    type='DeltaXYWHBBoxCoder'),
                fc_out_channels=1024,
                in_channels=256,
                loss_bbox=dict(beta=1.0, loss_weight=1.0, type='SmoothL1Loss'),
                loss_cls=dict(
                    alpha=0.5,
                    gamma=2.0,
                    loss_weight=1.0,
                    type='FocalLoss',
                    use_sigmoid=True),
                num_classes=6,
                reg_class_agnostic=True,
                roi_feat_size=7,
                type='Shared2FCBBoxHead'),
            dict(
                bbox_coder=dict(
                    target_means=[
                        0.0,
                        0.0,
                        0.0,
                        0.0,
                    ],
                    target_stds=[
                        0.05,
                        0.05,
                        0.1,
                        0.1,
                    ],
                    type='DeltaXYWHBBoxCoder'),
                fc_out_channels=1024,
                in_channels=256,
                loss_bbox=dict(beta=1.0, loss_weight=1.0, type='SmoothL1Loss'),
                loss_cls=dict(
                    alpha=0.5,
                    gamma=2.0,
                    loss_weight=1.0,
                    type='FocalLoss',
                    use_sigmoid=True),
                num_classes=6,
                reg_class_agnostic=True,
                roi_feat_size=7,
                type='Shared2FCBBoxHead'),
            dict(
                bbox_coder=dict(
                    target_means=[
                        0.0,
                        0.0,
                        0.0,
                        0.0,
                    ],
                    target_stds=[
                        0.033,
                        0.033,
                        0.067,
                        0.067,
                    ],
                    type='DeltaXYWHBBoxCoder'),
                fc_out_channels=1024,
                in_channels=256,
                loss_bbox=dict(beta=1.0, loss_weight=1.0, type='SmoothL1Loss'),
                loss_cls=dict(
                    alpha=0.5,
                    gamma=2.0,
                    loss_weight=1.0,
                    type='FocalLoss',
                    use_sigmoid=True),
                num_classes=6,
                reg_class_agnostic=True,
                roi_feat_size=7,
                type='Shared2FCBBoxHead'),
        ],
        bbox_roi_extractor=dict(
            featmap_strides=[
                4,
                8,
                16,
                32,
            ],
            out_channels=256,
            roi_layer=dict(output_size=7, sampling_ratio=0, type='RoIAlign'),
            type='SingleRoIExtractor'),
        mask_head=dict(
            conv_out_channels=256,
            in_channels=256,
            loss_mask=dict(
                loss_weight=1.0, type='CrossEntropyLoss', use_mask=True),
            num_classes=6,
            num_convs=4,
            type='FCNMaskHead'),
        mask_roi_extractor=dict(
            featmap_strides=[
                4,
                8,
                16,
                32,
            ],
            out_channels=256,
            roi_layer=dict(output_size=14, sampling_ratio=0, type='RoIAlign'),
            type='SingleRoIExtractor'),
        num_stages=3,
        stage_loss_weights=[
            1,
            0.5,
            0.25,
        ],
        type='CascadeRoIHead'),
    rpn_head=dict(
        anchor_generator=dict(
            ratios=[
                0.5,
                1.0,
                2.0,
            ],
            scales=[
                8,
            ],
            strides=[
                4,
                8,
                16,
                32,
                64,
            ],
            type='AnchorGenerator'),
        bbox_coder=dict(
            target_means=[
                0.0,
                0.0,
                0.0,
                0.0,
            ],
            target_stds=[
                1.0,
                1.0,
                1.0,
                1.0,
            ],
            type='DeltaXYWHBBoxCoder'),
        feat_channels=256,
        in_channels=256,
        loss_bbox=dict(
            beta=0.1111111111111111, loss_weight=1.0, type='SmoothL1Loss'),
        loss_cls=dict(
            loss_weight=1.0, type='CrossEntropyLoss', use_sigmoid=True),
        type='RPNHead'),
    test_cfg=dict(
        rcnn=dict(
            mask_thr_binary=0.5,
            max_per_img=100,
            nms=dict(iou_threshold=0.5, type='nms'),
            score_thr=0.05),
        rpn=dict(
            max_per_img=1000,
            min_bbox_size=0,
            nms=dict(iou_threshold=0.7, type='nms'),
            nms_pre=1000)),
    train_cfg=dict(
        rcnn=[
            dict(
                assigner=dict(
                    ignore_iof_thr=-1,
                    match_low_quality=False,
                    min_pos_iou=0.5,
                    neg_iou_thr=0.5,
                    pos_iou_thr=0.5,
                    type='MaxIoUAssigner'),
                debug=False,
                mask_size=28,
                pos_weight=-1,
                sampler=dict(
                    add_gt_as_proposals=True,
                    neg_pos_ub=-1,
                    num=512,
                    pos_fraction=0.25,
                    type='RandomSampler')),
            dict(
                assigner=dict(
                    ignore_iof_thr=-1,
                    match_low_quality=False,
                    min_pos_iou=0.6,
                    neg_iou_thr=0.6,
                    pos_iou_thr=0.6,
                    type='MaxIoUAssigner'),
                debug=False,
                mask_size=28,
                pos_weight=-1,
                sampler=dict(
                    add_gt_as_proposals=True,
                    neg_pos_ub=-1,
                    num=512,
                    pos_fraction=0.25,
                    type='RandomSampler')),
            dict(
                assigner=dict(
                    ignore_iof_thr=-1,
                    match_low_quality=False,
                    min_pos_iou=0.7,
                    neg_iou_thr=0.7,
                    pos_iou_thr=0.7,
                    type='MaxIoUAssigner'),
                debug=False,
                mask_size=28,
                pos_weight=-1,
                sampler=dict(
                    add_gt_as_proposals=True,
                    neg_pos_ub=-1,
                    num=512,
                    pos_fraction=0.25,
                    type='RandomSampler')),
        ],
        rpn=dict(
            allowed_border=0,
            assigner=dict(
                ignore_iof_thr=-1,
                match_low_quality=True,
                min_pos_iou=0.3,
                neg_iou_thr=0.3,
                pos_iou_thr=0.7,
                type='MaxIoUAssigner'),
            debug=False,
            pos_weight=-1,
            sampler=dict(
                add_gt_as_proposals=False,
                neg_pos_ub=-1,
                num=256,
                pos_fraction=0.5,
                type='RandomSampler')),
        rpn_proposal=dict(
            max_per_img=2000,
            min_bbox_size=0,
            nms=dict(iou_threshold=0.7, type='nms'),
            nms_pre=2000)),
    type='CascadeRCNN')
optim_wrapper = dict(
    optimizer=dict(lr=0.005, momentum=0.9, type='SGD', weight_decay=0.0001),
    type='OptimWrapper')
param_scheduler = [
    dict(
        begin=0, by_epoch=False, end=500, start_factor=0.001, type='LinearLR'),
    dict(
        begin=0,
        by_epoch=True,
        end=24,
        gamma=0.1,
        milestones=[
            16,
            22,
        ],
        type='MultiStepLR'),
]
resume = False
test_cfg = dict(type='TestLoop')
test_dataloader = dict(
    batch_size=1,
    dataset=dict(
        ann_file='annotations/instances_test2017.json',
        backend_args=None,
        data_prefix=dict(img='test2017/'),
        data_root='./drive/MyDrive/damage_detection/CarDD_release/CarDD_COCO',
        pipeline=[
            dict(backend_args=None, type='LoadImageFromFile'),
            dict(keep_ratio=True, scale=(
                1333,
                800,
            ), type='Resize'),
            dict(type='LoadAnnotations', with_bbox=True, with_mask=True),
            dict(
                meta_keys=(
                    'img_id',
                    'img_path',
                    'ori_shape',
                    'img_shape',
                    'scale_factor',
                ),
                type='PackDetInputs'),
        ],
        test_mode=True,
        type='CocoDataset'),
    drop_last=False,
    num_workers=2,
    persistent_workers=True,
    sampler=dict(shuffle=False, type='DefaultSampler'))
test_evaluator = dict(
    ann_file=
    '/content/drive/MyDrive/damage_detection/CarDD_release/CarDD_COCO/annotations/instances_test2017.json',
    backend_args=None,
    classwise=True,
    format_only=False,
    metric=[
        'bbox',
        'segm',
    ],
    type='CocoMetric')
test_pipeline = [
    dict(backend_args=None, type='LoadImageFromFile'),
    dict(keep_ratio=True, scale=(
        1333,
        800,
    ), type='Resize'),
    dict(type='LoadAnnotations', with_bbox=True, with_mask=True),
    dict(
        meta_keys=(
            'img_id',
            'img_path',
            'ori_shape',
            'img_shape',
            'scale_factor',
        ),
        type='PackDetInputs'),
]
train_cfg = dict(max_epochs=24, type='EpochBasedTrainLoop', val_interval=1)
train_dataloader = dict(
    batch_sampler=dict(type='AspectRatioBatchSampler'),
    batch_size=2,
    dataset=dict(
        ann_file='annotations/instances_train2017.json',
        backend_args=None,
        data_prefix=dict(img='train2017/'),
        data_root='./drive/MyDrive/damage_detection/CarDD_release/CarDD_COCO',
        filter_cfg=dict(filter_empty_gt=True, min_size=32),
        pipeline=[
            dict(backend_args=None, type='LoadImageFromFile'),
            dict(type='LoadAnnotations', with_bbox=True, with_mask=True),
            dict(keep_ratio=True, scale=(
                1333,
                800,
            ), type='Resize'),
            dict(prob=0.5, type='RandomFlip'),
            dict(type='PackDetInputs'),
        ],
        type='CocoDataset'),
    num_workers=2,
    persistent_workers=True,
    sampler=dict(shuffle=True, type='DefaultSampler'))
train_pipeline = [
    dict(type='LoadImageFromFile'),
    dict(type='LoadAnnotations', with_bbox=True, with_mask=True),
    dict(
        backend='pillow',
        img_scale=[
            (
                1333,
                640,
            ),
            (
                1333,
                1200,
            ),
        ],
        keep_ratio=False,
        multiscale_mode='range',
        type='Resize'),
    dict(flip_ratio=0.5, type='RandomFlip'),
    dict(
        bbox_params=dict(
            filter_lost_elements=True,
            format='pascal_voc',
            label_fields=[
                'gt_bboxes_labels',
            ],
            min_visibility=0.0,
            type='BboxParams'),
        keymap=dict(gt_bboxes='bboxes', gt_masks='masks', img='image'),
        skip_img_without_anno=True,
        transforms=[
            dict(p=0.2, type='RandomBrightnessContrast'),
            dict(
                p=0.5,
                rotate_limit=10,
                scale_limit=0.1,
                shift_limit=0.06,
                type='ShiftScaleRotate'),
            dict(
                hue_shift_limit=20,
                p=0.3,
                sat_shift_limit=30,
                type='HueSaturationValue',
                val_shift_limit=20),
            dict(blur_limit=3, p=0.1, type='Blur'),
            dict(p=0.1, type='CLAHE'),
            dict(p=0.05, type='ToGray'),
        ],
        type='Albu',
        update_pad_shape=False),
    dict(type='PackDetInputs'),
]
val_cfg = dict(type='ValLoop')
val_dataloader = dict(
    batch_size=1,
    dataset=dict(
        ann_file='annotations/instances_val2017.json',
        backend_args=None,
        data_prefix=dict(img='val2017/'),
        data_root='./drive/MyDrive/damage_detection/CarDD_release/CarDD_COCO',
        pipeline=[
            dict(backend_args=None, type='LoadImageFromFile'),
            dict(keep_ratio=True, scale=(
                1333,
                800,
            ), type='Resize'),
            dict(type='LoadAnnotations', with_bbox=True, with_mask=True),
            dict(
                meta_keys=(
                    'img_id',
                    'img_path',
                    'ori_shape',
                    'img_shape',
                    'scale_factor',
                ),
                type='PackDetInputs'),
        ],
        test_mode=True,
        type='CocoDataset'),
    drop_last=False,
    num_workers=2,
    persistent_workers=True,
    sampler=dict(shuffle=False, type='DefaultSampler'))
val_evaluator = dict(
    ann_file=
    '/content/drive/MyDrive/damage_detection/CarDD_release/CarDD_COCO/annotations/instances_val2017.json',
    backend_args=None,
    classwise=True,
    format_only=False,
    metric=[
        'bbox',
        'segm',
    ],
    type='CocoMetric')
vis_backends = [
    dict(type='LocalVisBackend'),
]
visualizer = dict(
    name='visualizer',
    type='DetLocalVisualizer',
    vis_backends=[
        dict(type='LocalVisBackend'),
        dict(type='TensorboardVisBackend'),
    ])
work_dir = './drive/MyDrive/damage_detection/v2_albumentations_cascade-mask-rcnn_x101_output'

2025/07/23 23:49:05 - mmengine - INFO - Distributed training is not used, all SyncBatchNorm (SyncBN) layers in the model will be automatically reverted to BatchNormXd layers if they are used.
2025/07/23 23:49:05 - mmengine - INFO - Hooks will be executed in the following order:
before_run:
(VERY_HIGH   ) RuntimeInfoHook                    
(BELOW_NORMAL) LoggerHook                         
 -------------------- 
before_train:
(VERY_HIGH   ) RuntimeInfoHook                    
(NORMAL      ) IterTimerHook                      
(VERY_LOW    ) CheckpointHook                     
 -------------------- 
before_train_epoch:
(VERY_HIGH   ) RuntimeInfoHook                    
(NORMAL      ) IterTimerHook                      
(NORMAL      ) DistSamplerSeedHook                
 -------------------- 
before_train_iter:
(VERY_HIGH   ) RuntimeInfoHook                    
(NORMAL      ) IterTimerHook                      
 -------------------- 
after_train_iter:
(VERY_HIGH   ) RuntimeInfoHook                    
(NORMAL      ) IterTimerHook                      
(BELOW_NORMAL) LoggerHook                         
(LOW         ) ParamSchedulerHook                 
(VERY_LOW    ) CheckpointHook                     
 -------------------- 
after_train_epoch:
(NORMAL      ) IterTimerHook                      
(LOW         ) ParamSchedulerHook                 
(VERY_LOW    ) CheckpointHook                     
 -------------------- 
before_val:
(VERY_HIGH   ) RuntimeInfoHook                    
 -------------------- 
before_val_epoch:
(NORMAL      ) IterTimerHook                      
 -------------------- 
before_val_iter:
(NORMAL      ) IterTimerHook                      
 -------------------- 
after_val_iter:
(NORMAL      ) IterTimerHook                      
(NORMAL      ) DetVisualizationHook               
(BELOW_NORMAL) LoggerHook                         
 -------------------- 
after_val_epoch:
(VERY_HIGH   ) RuntimeInfoHook                    
(NORMAL      ) IterTimerHook                      
(BELOW_NORMAL) LoggerHook                         
(LOW         ) ParamSchedulerHook                 
(VERY_LOW    ) CheckpointHook                     
 -------------------- 
after_val:
(VERY_HIGH   ) RuntimeInfoHook                    
 -------------------- 
after_train:
(VERY_HIGH   ) RuntimeInfoHook                    
(VERY_LOW    ) CheckpointHook                     
 -------------------- 
before_test:
(VERY_HIGH   ) RuntimeInfoHook                    
 -------------------- 
before_test_epoch:
(NORMAL      ) IterTimerHook                      
 -------------------- 
before_test_iter:
(NORMAL      ) IterTimerHook                      
 -------------------- 
after_test_iter:
(NORMAL      ) IterTimerHook                      
(NORMAL      ) DetVisualizationHook               
(BELOW_NORMAL) LoggerHook                         
 -------------------- 
after_test_epoch:
(VERY_HIGH   ) RuntimeInfoHook                    
(NORMAL      ) IterTimerHook                      
(BELOW_NORMAL) LoggerHook                         
 -------------------- 
after_test:
(VERY_HIGH   ) RuntimeInfoHook                    
 -------------------- 
after_run:
(BELOW_NORMAL) LoggerHook                         
 -------------------- 
2025/07/23 23:49:06 - mmengine - WARNING - The prefix is not set in metric class DumpDetResults.
2025/07/23 23:49:07 - mmengine - INFO - DeformConv2dPack backbone.layer1.0.conv2 is upgraded to version 2.
2025/07/23 23:49:07 - mmengine - INFO - DeformConv2dPack backbone.layer1.1.conv2 is upgraded to version 2.
2025/07/23 23:49:07 - mmengine - INFO - DeformConv2dPack backbone.layer1.2.conv2 is upgraded to version 2.
2025/07/23 23:49:07 - mmengine - INFO - DeformConv2dPack backbone.layer2.0.conv2 is upgraded to version 2.
2025/07/23 23:49:07 - mmengine - INFO - DeformConv2dPack backbone.layer2.1.conv2 is upgraded to version 2.
2025/07/23 23:49:07 - mmengine - INFO - DeformConv2dPack backbone.layer2.2.conv2 is upgraded to version 2.
2025/07/23 23:49:07 - mmengine - INFO - DeformConv2dPack backbone.layer2.3.conv2 is upgraded to version 2.
2025/07/23 23:49:07 - mmengine - INFO - DeformConv2dPack backbone.layer3.0.conv2 is upgraded to version 2.
2025/07/23 23:49:07 - mmengine - INFO - DeformConv2dPack backbone.layer3.1.conv2 is upgraded to version 2.
2025/07/23 23:49:07 - mmengine - INFO - DeformConv2dPack backbone.layer3.2.conv2 is upgraded to version 2.
2025/07/23 23:49:07 - mmengine - INFO - DeformConv2dPack backbone.layer3.3.conv2 is upgraded to version 2.
2025/07/23 23:49:07 - mmengine - INFO - DeformConv2dPack backbone.layer3.4.conv2 is upgraded to version 2.
2025/07/23 23:49:07 - mmengine - INFO - DeformConv2dPack backbone.layer3.5.conv2 is upgraded to version 2.
2025/07/23 23:49:07 - mmengine - INFO - DeformConv2dPack backbone.layer3.6.conv2 is upgraded to version 2.
2025/07/23 23:49:07 - mmengine - INFO - DeformConv2dPack backbone.layer3.7.conv2 is upgraded to version 2.
2025/07/23 23:49:07 - mmengine - INFO - DeformConv2dPack backbone.layer3.8.conv2 is upgraded to version 2.
2025/07/23 23:49:07 - mmengine - INFO - DeformConv2dPack backbone.layer3.9.conv2 is upgraded to version 2.
2025/07/23 23:49:07 - mmengine - INFO - DeformConv2dPack backbone.layer3.10.conv2 is upgraded to version 2.
2025/07/23 23:49:07 - mmengine - INFO - DeformConv2dPack backbone.layer3.11.conv2 is upgraded to version 2.
2025/07/23 23:49:07 - mmengine - INFO - DeformConv2dPack backbone.layer3.12.conv2 is upgraded to version 2.
2025/07/23 23:49:07 - mmengine - INFO - DeformConv2dPack backbone.layer3.13.conv2 is upgraded to version 2.
2025/07/23 23:49:07 - mmengine - INFO - DeformConv2dPack backbone.layer3.14.conv2 is upgraded to version 2.
2025/07/23 23:49:07 - mmengine - INFO - DeformConv2dPack backbone.layer3.15.conv2 is upgraded to version 2.
2025/07/23 23:49:07 - mmengine - INFO - DeformConv2dPack backbone.layer3.16.conv2 is upgraded to version 2.
2025/07/23 23:49:07 - mmengine - INFO - DeformConv2dPack backbone.layer3.17.conv2 is upgraded to version 2.
2025/07/23 23:49:07 - mmengine - INFO - DeformConv2dPack backbone.layer3.18.conv2 is upgraded to version 2.
2025/07/23 23:49:07 - mmengine - INFO - DeformConv2dPack backbone.layer3.19.conv2 is upgraded to version 2.
2025/07/23 23:49:07 - mmengine - INFO - DeformConv2dPack backbone.layer3.20.conv2 is upgraded to version 2.
2025/07/23 23:49:07 - mmengine - INFO - DeformConv2dPack backbone.layer3.21.conv2 is upgraded to version 2.
2025/07/23 23:49:07 - mmengine - INFO - DeformConv2dPack backbone.layer3.22.conv2 is upgraded to version 2.
2025/07/23 23:49:07 - mmengine - INFO - DeformConv2dPack backbone.layer4.0.conv2 is upgraded to version 2.
2025/07/23 23:49:07 - mmengine - INFO - DeformConv2dPack backbone.layer4.1.conv2 is upgraded to version 2.
2025/07/23 23:49:07 - mmengine - INFO - DeformConv2dPack backbone.layer4.2.conv2 is upgraded to version 2.
2025/07/23 23:49:07 - mmengine - INFO - Load checkpoint from drive/MyDrive/damage_detection/v2_albumentations_cascade-mask-rcnn_x101_output/epoch_24_weights_only.pth
2025/07/23 23:49:17 - mmengine - INFO - Epoch(test) [ 24/374]    eta: 0:02:25  time: 0.4170  data_time: 0.2733  memory: 835  
2025/07/23 23:49:29 - mmengine - INFO - Epoch(test) [ 48/374]    eta: 0:02:26  time: 0.4490  data_time: 0.3242  memory: 861  
2025/07/23 23:49:39 - mmengine - INFO - Epoch(test) [ 72/374]    eta: 0:02:14  time: 0.4522  data_time: 0.3491  memory: 861  
2025/07/23 23:49:49 - mmengine - INFO - Epoch(test) [ 96/374]    eta: 0:02:00  time: 0.4143  data_time: 0.3079  memory: 880  
2025/07/23 23:49:59 - mmengine - INFO - Epoch(test) [120/374]    eta: 0:01:50  time: 0.4131  data_time: 0.3073  memory: 845  
2025/07/23 23:50:10 - mmengine - INFO - Epoch(test) [144/374]    eta: 0:01:39  time: 0.4306  data_time: 0.3275  memory: 845  
2025/07/23 23:50:19 - mmengine - INFO - Epoch(test) [168/374]    eta: 0:01:28  time: 0.4207  data_time: 0.3165  memory: 880  
2025/07/23 23:50:30 - mmengine - INFO - Epoch(test) [192/374]    eta: 0:01:18  time: 0.4316  data_time: 0.3250  memory: 868  
2025/07/23 23:50:39 - mmengine - INFO - Epoch(test) [216/374]    eta: 0:01:07  time: 0.4153  data_time: 0.3046  memory: 845  
2025/07/23 23:50:49 - mmengine - INFO - Epoch(test) [240/374]    eta: 0:00:56  time: 0.3843  data_time: 0.2765  memory: 861  
2025/07/23 23:50:58 - mmengine - INFO - Epoch(test) [264/374]    eta: 0:00:46  time: 0.3870  data_time: 0.2800  memory: 845  
2025/07/23 23:51:07 - mmengine - INFO - Epoch(test) [288/374]    eta: 0:00:35  time: 0.3725  data_time: 0.2684  memory: 845  
2025/07/23 23:51:16 - mmengine - INFO - Epoch(test) [312/374]    eta: 0:00:25  time: 0.3725  data_time: 0.2747  memory: 861  
2025/07/23 23:51:30 - mmengine - INFO - Epoch(test) [336/374]    eta: 0:00:16  time: 0.4767  data_time: 0.3777  memory: 845  
2025/07/23 23:51:45 - mmengine - INFO - Epoch(test) [360/374]    eta: 0:00:06  time: 0.6008  data_time: 0.5013  memory: 861  
2025/07/23 23:51:52 - mmengine - INFO - Evaluating bbox...
2025/07/23 23:51:52 - mmengine - INFO - 
+---------------+-------+--------+--------+-------+-------+-------+
| category      | mAP   | mAP_50 | mAP_75 | mAP_s | mAP_m | mAP_l |
+---------------+-------+--------+--------+-------+-------+-------+
| dent          | 0.402 | 0.683  | 0.409  | 0.353 | 0.257 | 0.424 |
| scratch       | 0.432 | 0.721  | 0.46   | 0.404 | 0.35  | 0.462 |
| crack         | 0.358 | 0.618  | 0.363  | 0.286 | 0.489 | 0.257 |
| glass shatter | 0.918 | 0.975  | 0.945  | nan   | nan   | 0.918 |
| lamp broken   | 0.737 | 0.877  | 0.785  | nan   | 0.311 | 0.786 |
| tire flat     | 0.899 | 0.921  | 0.921  | nan   | nan   | 0.9   |
+---------------+-------+--------+--------+-------+-------+-------+
2025/07/23 23:51:52 - mmengine - INFO - bbox_mAP_copypaste: 0.624 0.799 0.647 0.348 0.352 0.624
2025/07/23 23:51:52 - mmengine - INFO - Evaluating segm...
2025/07/23 23:51:53 - mmengine - INFO - 
+---------------+-------+--------+--------+-------+-------+-------+
| category      | mAP   | mAP_50 | mAP_75 | mAP_s | mAP_m | mAP_l |
+---------------+-------+--------+--------+-------+-------+-------+
| dent          | 0.369 | 0.677  | 0.369  | 0.252 | 0.222 | 0.393 |
| scratch       | 0.346 | 0.684  | 0.293  | 0.151 | 0.208 | 0.392 |
| crack         | 0.157 | 0.432  | 0.053  | 0.107 | 0.194 | 0.195 |
| glass shatter | 0.906 | 0.975  | 0.945  | nan   | nan   | 0.906 |
| lamp broken   | 0.727 | 0.867  | 0.836  | nan   | 0.346 | 0.771 |
| tire flat     | 0.88  | 0.921  | 0.892  | nan   | nan   | 0.88  |
+---------------+-------+--------+--------+-------+-------+-------+
2025/07/23 23:51:53 - mmengine - INFO - segm_mAP_copypaste: 0.564 0.759 0.565 0.170 0.243 0.590
2025/07/23 23:51:53 - mmengine - INFO - Results has been saved to drive/MyDrive/damage_detection/v2_albumentations_cascade-mask-rcnn_x101_output/predictions.pkl.
2025/07/23 23:51:53 - mmengine - INFO - Epoch(test) [374/374]    coco/dent_precision: 0.3690  coco/scratch_precision: 0.3460  coco/crack_precision: 0.1570  coco/glass shatter_precision: 0.9060  coco/lamp broken_precision: 0.7270  coco/tire flat_precision: 0.8800  coco/bbox_mAP: 0.6240  coco/bbox_mAP_50: 0.7990  coco/bbox_mAP_75: 0.6470  coco/bbox_mAP_s: 0.3480  coco/bbox_mAP_m: 0.3520  coco/bbox_mAP_l: 0.6240  coco/segm_mAP: 0.5640  coco/segm_mAP_50: 0.7590  coco/segm_mAP_75: 0.5650  coco/segm_mAP_s: 0.1700  coco/segm_mAP_m: 0.2430  coco/segm_mAP_l: 0.5900  data_time: 0.3337  time: 0.4399
